Not searching for unused variables given on the command line.
[36m--[0m Using CATKIN_DEVEL_PREFIX: /home/manu/Documents/Projet/RECH/Tracking/TalosCV/ROS/catkin_ws/devel/.private/tiago_controller
[36m--[0m Using CMAKE_PREFIX_PATH: /home/manu/Documents/Projet/RECH/Tracking/TalosCV/ROS/catkin_ws/devel;/opt/ros/noetic
[36m--[0m This workspace overlays: /home/manu/Documents/Projet/RECH/Tracking/TalosCV/ROS/catkin_ws/devel;/opt/ros/noetic
[36m--[0m Found PythonInterp: /home/manu/anaconda3/bin/python3 (found suitable version "3.8.8", minimum required is "3")
[36m--[0m Using PYTHON_EXECUTABLE: /home/manu/anaconda3/bin/python3
[36m--[0m Using Debian Python package layout
[36m--[0m Found PY_em: /home/manu/anaconda3/lib/python3.8/site-packages/em.py
[36m--[0m Using empy: /home/manu/anaconda3/lib/python3.8/site-packages/em.py
[36m--[0m Using CATKIN_ENABLE_TESTING: ON
[36m--[0m Call enable_testing()
[36m--[0m Using CATKIN_TEST_RESULTS_DIR: /home/manu/Documents/Projet/RECH/Tracking/TalosCV/ROS/catkin_ws/build/tiago_controller/test_results
[36m--[0m Forcing gtest/gmock from source, though one was otherwise available.
[36m--[0m Found gtest sources under '/usr/src/googletest': gtests will be built
[36m--[0m Found gmock sources under '/usr/src/googletest': gmock will be built
[36m--[0m Found PythonInterp: /home/manu/anaconda3/bin/python3 (found version "3.8.8")
[36m--[0m Found Threads: TRUE
[36m--[0m Using Python nosetests: /usr/bin/nosetests3
[36m--[0m catkin 0.8.10
[36m--[0m BUILD_SHARED_LIBS is on
[36m--[0m Using these message generators: gencpp;geneus;genlisp;gennodejs;genpy
[36m--[0m tiago_controller: 0 messages, 1 services
[36m--[0m Configuring done
[31m[1mCMake Error[0m at /home/manu/Documents/Projet/RECH/Tracking/TalosCV/ROS/catkin_ws/src/tiago_controller/CMakeLists.txt:44 (add_library):
  Target "tiago_joint_controller" links to target "inria_wbc::inria_wbc" but
  the target was not found.  Perhaps a find_package() call is missing for an
  IMPORTED target, or an ALIAS target is missing?


[36m--[0m Generating done
CMake Generate step failed.  Build files cannot be regenerated correctly.
