[35m[1mScanning dependencies of target _tiago_controller_generate_messages_check_deps_move[0m
[35m[1mScanning dependencies of target std_msgs_generate_messages_lisp[0m
[35m[1mScanning dependencies of target geometry_msgs_generate_messages_lisp[0m
[35m[1mScanning dependencies of target std_msgs_generate_messages_py[0m
[  0%] Built target std_msgs_generate_messages_py
[  0%] Built target std_msgs_generate_messages_lisp
[  0%] Built target geometry_msgs_generate_messages_lisp
[35m[1mScanning dependencies of target geometry_msgs_generate_messages_py[0m
[35m[1mScanning dependencies of target std_msgs_generate_messages_nodejs[0m
[35m[1mScanning dependencies of target geometry_msgs_generate_messages_nodejs[0m
[  0%] Built target std_msgs_generate_messages_nodejs
[  0%] Built target geometry_msgs_generate_messages_py
[35m[1mScanning dependencies of target std_msgs_generate_messages_eus[0m
[35m[1mScanning dependencies of target geometry_msgs_generate_messages_eus[0m
[  0%] Built target std_msgs_generate_messages_eus
[  0%] Built target geometry_msgs_generate_messages_nodejs
[  0%] Built target geometry_msgs_generate_messages_eus
[35m[1mScanning dependencies of target std_msgs_generate_messages_cpp[0m
[35m[1mScanning dependencies of target geometry_msgs_generate_messages_cpp[0m
[  0%] Built target _tiago_controller_generate_messages_check_deps_move
[  0%] Built target geometry_msgs_generate_messages_cpp
[  0%] Built target std_msgs_generate_messages_cpp
[35m[1mScanning dependencies of target tiago_controller_generate_messages_py[0m
[35m[1mScanning dependencies of target tiago_controller_generate_messages_lisp[0m
[35m[1mScanning dependencies of target tiago_controller_generate_messages_eus[0m
[35m[1mScanning dependencies of target tiago_controller_generate_messages_nodejs[0m
[ 14%] [34m[1mGenerating EusLisp code from tiago_controller/move.srv[0m
[ 28%] [34m[1mGenerating Lisp code from tiago_controller/move.srv[0m
[ 42%] [34m[1mGenerating Javascript code from tiago_controller/move.srv[0m
[ 57%] [34m[1mGenerating Python code from SRV tiago_controller/move[0m
[ 57%] Built target tiago_controller_generate_messages_nodejs
[ 57%] Built target tiago_controller_generate_messages_lisp
[ 71%] [34m[1mGenerating EusLisp manifest code for tiago_controller[0m
[35m[1mScanning dependencies of target tiago_controller_generate_messages_cpp[0m
[ 85%] [34m[1mGenerating C++ code from tiago_controller/move.srv[0m
[ 85%] Built target tiago_controller_generate_messages_cpp
[100%] [34m[1mGenerating Python srv __init__.py for tiago_controller[0m
[100%] Built target tiago_controller_generate_messages_py
[100%] Built target tiago_controller_generate_messages_eus
[35m[1mScanning dependencies of target tiago_controller_generate_messages[0m
[100%] Built target tiago_controller_generate_messages
