[36m--[0m Using CATKIN_DEVEL_PREFIX: /home/manu/Documents/Projet/RECH/Tracking/TalosCV/ROS/catkin_ws/devel/.private/tracker_cam
[36m--[0m Using CMAKE_PREFIX_PATH: /home/manu/Documents/Projet/RECH/Tracking/TalosCV/ROS/catkin_ws/devel;/opt/ros/noetic
[36m--[0m This workspace overlays: /home/manu/Documents/Projet/RECH/Tracking/TalosCV/ROS/catkin_ws/devel;/opt/ros/noetic
[36m--[0m Found PythonInterp: /home/manu/anaconda3/bin/python3 (found suitable version "3.8.8", minimum required is "3")
[36m--[0m Using PYTHON_EXECUTABLE: /home/manu/anaconda3/bin/python3
[36m--[0m Using Debian Python package layout
[36m--[0m Using empy: /home/manu/anaconda3/lib/python3.8/site-packages/em.py
[36m--[0m Using CATKIN_ENABLE_TESTING: ON
[36m--[0m Call enable_testing()
[36m--[0m Using CATKIN_TEST_RESULTS_DIR: /home/manu/Documents/Projet/RECH/Tracking/TalosCV/ROS/catkin_ws/build/tracker_cam/test_results
[36m--[0m Forcing gtest/gmock from source, though one was otherwise available.
[36m--[0m Found gtest sources under '/usr/src/googletest': gtests will be built
[36m--[0m Found gmock sources under '/usr/src/googletest': gmock will be built
[36m--[0m Found PythonInterp: /home/manu/anaconda3/bin/python3 (found version "3.8.8")
[36m--[0m Using Python nosetests: /usr/bin/nosetests3
[36m--[0m catkin 0.8.10
[36m--[0m BUILD_SHARED_LIBS is on
[36m--[0m Installing devel-space wrapper /home/manu/Documents/Projet/RECH/Tracking/TalosCV/ROS/catkin_ws/src/tracker_cam/scripts/track.py to /home/manu/Documents/Projet/RECH/Tracking/TalosCV/ROS/catkin_ws/devel/.private/tracker_cam/lib/tracker_cam
[36m--[0m Installing devel-space wrapper /home/manu/Documents/Projet/RECH/Tracking/TalosCV/ROS/catkin_ws/src/tracker_cam/scripts/cvBridgeDemo.py to /home/manu/Documents/Projet/RECH/Tracking/TalosCV/ROS/catkin_ws/devel/.private/tracker_cam/lib/tracker_cam
[36m--[0m Installing devel-space wrapper /home/manu/Documents/Projet/RECH/Tracking/TalosCV/ROS/catkin_ws/src/tracker_cam/scripts/test.py to /home/manu/Documents/Projet/RECH/Tracking/TalosCV/ROS/catkin_ws/devel/.private/tracker_cam/lib/tracker_cam
[36m--[0m Installing devel-space wrapper /home/manu/Documents/Projet/RECH/Tracking/TalosCV/ROS/catkin_ws/src/tracker_cam/scripts/tracking_from_cam.py to /home/manu/Documents/Projet/RECH/Tracking/TalosCV/ROS/catkin_ws/devel/.private/tracker_cam/lib/tracker_cam
[36m--[0m Installing devel-space wrapper /home/manu/Documents/Projet/RECH/Tracking/TalosCV/ROS/catkin_ws/src/tracker_cam/scripts/tracking.py to /home/manu/Documents/Projet/RECH/Tracking/TalosCV/ROS/catkin_ws/devel/.private/tracker_cam/lib/tracker_cam
[31m[1mCMake Error[0m at /opt/ros/noetic/share/catkin/cmake/catkin_install_python.cmake:86 (message):
  catkin_install_python() called with non-existing file
  '/home/manu/Documents/Projet/RECH/Tracking/TalosCV/ROS/catkin_ws/src/tracker_cam/scripts/test_import.py'.
[36mCall Stack (most recent call first):[0m
  CMakeLists.txt:233 (catkin_install_python)


[36m--[0m Configuring incomplete, errors occurred!
See also "/home/manu/Documents/Projet/RECH/Tracking/TalosCV/ROS/catkin_ws/build/tracker_cam/CMakeFiles/CMakeOutput.log".
See also "/home/manu/Documents/Projet/RECH/Tracking/TalosCV/ROS/catkin_ws/build/tracker_cam/CMakeFiles/CMakeError.log".
make: *** [Makefile:530: cmake_check_build_system] Error 1
