make: Warning: File 'Makefile' has modification time 2613 s in the future
make[1]: Warning: File 'CMakeFiles/Makefile2' has modification time 2613 s in the future
make[2]: Warning: File 'CMakeFiles/std_msgs_generate_messages_nodejs.dir/progress.make' has modification time 2613 s in the future
make[2]: Warning: File 'CMakeFiles/_tracker_cam_generate_messages_check_deps_center_Array.dir/progress.make' has modification time 2613 s in the future
make[2]: Warning: File 'CMakeFiles/std_msgs_generate_messages_py.dir/progress.make' has modification time 2613 s in the future
make[2]: warning:  Clock skew detected.  Your build may be incomplete.
make[2]: Warning: File 'CMakeFiles/_tracker_cam_generate_messages_check_deps_center_Array.dir/progress.make' has modification time 2613 s in the future
make[2]: warning:  Clock skew detected.  Your build may be incomplete.
make[2]: Warning: File 'CMakeFiles/std_msgs_generate_messages_py.dir/progress.make' has modification time 2613 s in the future
make[2]: warning:  Clock skew detected.  Your build may be incomplete.
make[2]: warning:  Clock skew detected.  Your build may be incomplete.
make[2]: Warning: File 'CMakeFiles/std_msgs_generate_messages_nodejs.dir/progress.make' has modification time 2613 s in the future
make[2]: warning:  Clock skew detected.  Your build may be incomplete.
make[2]: Warning: File 'CMakeFiles/std_msgs_generate_messages_lisp.dir/progress.make' has modification time 2613 s in the future
[  0%] Built target std_msgs_generate_messages_py
make[2]: Warning: File 'CMakeFiles/std_msgs_generate_messages_cpp.dir/progress.make' has modification time 2613 s in the future
make[2]: warning:  Clock skew detected.  Your build may be incomplete.
make[2]: Warning: File 'CMakeFiles/std_msgs_generate_messages_lisp.dir/progress.make' has modification time 2613 s in the future
make[2]: warning:  Clock skew detected.  Your build may be incomplete.
[  0%] Built target std_msgs_generate_messages_lisp
make[2]: Warning: File 'CMakeFiles/std_msgs_generate_messages_eus.dir/progress.make' has modification time 2613 s in the future
make[2]: warning:  Clock skew detected.  Your build may be incomplete.
make[2]: Warning: File 'CMakeFiles/std_msgs_generate_messages_cpp.dir/progress.make' has modification time 2613 s in the future
make[2]: warning:  Clock skew detected.  Your build may be incomplete.
[  0%] Built target std_msgs_generate_messages_nodejs
make[2]: warning:  Clock skew detected.  Your build may be incomplete.
make[2]: Warning: File 'CMakeFiles/std_msgs_generate_messages_eus.dir/progress.make' has modification time 2613 s in the future
make[2]: warning:  Clock skew detected.  Your build may be incomplete.
[  0%] Built target std_msgs_generate_messages_cpp
[  0%] Built target std_msgs_generate_messages_eus
make[2]: warning:  Clock skew detected.  Your build may be incomplete.
[  0%] Built target _tracker_cam_generate_messages_check_deps_center_Array
make[2]: Warning: File 'CMakeFiles/tracker_cam_generate_messages_nodejs.dir/progress.make' has modification time 2613 s in the future
make[2]: Warning: File 'CMakeFiles/tracker_cam_generate_messages_py.dir/progress.make' has modification time 2613 s in the future
make[2]: Warning: File 'CMakeFiles/tracker_cam_generate_messages_lisp.dir/progress.make' has modification time 2613 s in the future
make[2]: Warning: File 'CMakeFiles/tracker_cam_generate_messages_cpp.dir/progress.make' has modification time 2613 s in the future
make[2]: warning:  Clock skew detected.  Your build may be incomplete.
make[2]: warning:  Clock skew detected.  Your build may be incomplete.
make[2]: warning:  Clock skew detected.  Your build may be incomplete.
make[2]: warning:  Clock skew detected.  Your build may be incomplete.
make[2]: Warning: File 'CMakeFiles/tracker_cam_generate_messages_lisp.dir/progress.make' has modification time 2613 s in the future
make[2]: warning:  Clock skew detected.  Your build may be incomplete.
make[2]: Warning: File 'CMakeFiles/tracker_cam_generate_messages_cpp.dir/progress.make' has modification time 2613 s in the future
make[2]: warning:  Clock skew detected.  Your build may be incomplete.
make[2]: Warning: File 'CMakeFiles/tracker_cam_generate_messages_py.dir/progress.make' has modification time 2613 s in the future
make[2]: warning:  Clock skew detected.  Your build may be incomplete.
make[2]: Warning: File 'CMakeFiles/tracker_cam_generate_messages_nodejs.dir/progress.make' has modification time 2613 s in the future
make[2]: warning:  Clock skew detected.  Your build may be incomplete.
[ 28%] Built target tracker_cam_generate_messages_cpp
[ 28%] Built target tracker_cam_generate_messages_lisp
make[2]: Warning: File 'CMakeFiles/tracker_cam_generate_messages_eus.dir/progress.make' has modification time 2613 s in the future
[ 57%] Built target tracker_cam_generate_messages_py
[ 71%] Built target tracker_cam_generate_messages_nodejs
make[2]: warning:  Clock skew detected.  Your build may be incomplete.
make[2]: Warning: File 'CMakeFiles/tracker_cam_generate_messages_eus.dir/progress.make' has modification time 2613 s in the future
make[2]: warning:  Clock skew detected.  Your build may be incomplete.
[100%] Built target tracker_cam_generate_messages_eus
make[2]: Warning: File 'CMakeFiles/tracker_cam_generate_messages.dir/progress.make' has modification time 2613 s in the future
make[2]: warning:  Clock skew detected.  Your build may be incomplete.
make[2]: Warning: File 'CMakeFiles/tracker_cam_generate_messages.dir/progress.make' has modification time 2613 s in the future
make[2]: warning:  Clock skew detected.  Your build may be incomplete.
[100%] Built target tracker_cam_generate_messages
make[1]: warning:  Clock skew detected.  Your build may be incomplete.
make: warning:  Clock skew detected.  Your build may be incomplete.
