[31m[1mCMake Error[0m at /opt/ros/noetic/share/catkin/cmake/stamp.cmake:10 (configure_file):
  configure_file input location

    /home/manu/Documents/Projet/RECH/Tracking/TalosCV/ROS/catkin_ws/src/tracker_cam/scripts/pysot

  is a directory but a file was expected.
[36mCall Stack (most recent call first):[0m
  /opt/ros/noetic/share/catkin/cmake/catkin_install_python.cmake:27 (stamp)
  CMakeLists.txt:235 (catkin_install_python)


[31m[1mCMake Error[0m at /opt/ros/noetic/share/catkin/cmake/catkin_install_python.cmake:48 (file):
  file failed to open for writing (Is a directory):

    /home/manu/Documents/Projet/RECH/Tracking/TalosCV/ROS/catkin_ws/build/tracker_cam/catkin_generated/installspace/pysot
[36mCall Stack (most recent call first):[0m
  CMakeLists.txt:235 (catkin_install_python)


[31m[1mCMake Error[0m at /opt/ros/noetic/share/catkin/cmake/custom_install.cmake:13 (_install):
  _install PROGRAMS given directory
  "/home/manu/Documents/Projet/RECH/Tracking/TalosCV/ROS/catkin_ws/build/tracker_cam/catkin_generated/installspace/pysot"
  to install.
[36mCall Stack (most recent call first):[0m
  /opt/ros/noetic/share/catkin/cmake/catkin_install_python.cmake:59 (install)
  CMakeLists.txt:235 (catkin_install_python)


make: *** [Makefile:530: cmake_check_build_system] Error 1
