Symlinking /home/manu/Documents/Projet/RECH/Tracking/TalosCV/ROS/catkin_ws/devel/share/roseus/ros/tracker_cam/manifest.l
Symlinking /home/manu/Documents/Projet/RECH/Tracking/TalosCV/ROS/catkin_ws/devel/share/roseus/ros/tracker_cam/msg/center_Array.l
Symlinking /home/manu/Documents/Projet/RECH/Tracking/TalosCV/ROS/catkin_ws/devel/share/tracker_cam/cmake/tracker_camConfig-version.cmake
Symlinking /home/manu/Documents/Projet/RECH/Tracking/TalosCV/ROS/catkin_ws/devel/share/tracker_cam/cmake/tracker_camConfig.cmake
Symlinking /home/manu/Documents/Projet/RECH/Tracking/TalosCV/ROS/catkin_ws/devel/share/tracker_cam/cmake/tracker_cam-msg-paths.cmake
Symlinking /home/manu/Documents/Projet/RECH/Tracking/TalosCV/ROS/catkin_ws/devel/share/tracker_cam/cmake/tracker_cam-msg-extras.cmake
Symlinking /home/manu/Documents/Projet/RECH/Tracking/TalosCV/ROS/catkin_ws/devel/share/common-lisp/ros/tracker_cam/msg/center_Array.lisp
Symlinking /home/manu/Documents/Projet/RECH/Tracking/TalosCV/ROS/catkin_ws/devel/share/common-lisp/ros/tracker_cam/msg/_package_center_Array.lisp
Symlinking /home/manu/Documents/Projet/RECH/Tracking/TalosCV/ROS/catkin_ws/devel/share/common-lisp/ros/tracker_cam/msg/_package.lisp
Symlinking /home/manu/Documents/Projet/RECH/Tracking/TalosCV/ROS/catkin_ws/devel/share/common-lisp/ros/tracker_cam/msg/tracker_cam-msg.asd
Symlinking /home/manu/Documents/Projet/RECH/Tracking/TalosCV/ROS/catkin_ws/devel/share/gennodejs/ros/tracker_cam/_index.js
Symlinking /home/manu/Documents/Projet/RECH/Tracking/TalosCV/ROS/catkin_ws/devel/share/gennodejs/ros/tracker_cam/msg/_index.js
Symlinking /home/manu/Documents/Projet/RECH/Tracking/TalosCV/ROS/catkin_ws/devel/share/gennodejs/ros/tracker_cam/msg/center_Array.js
Symlinking /home/manu/Documents/Projet/RECH/Tracking/TalosCV/ROS/catkin_ws/devel/include/tracker_cam/center_Array.h
Symlinking /home/manu/Documents/Projet/RECH/Tracking/TalosCV/ROS/catkin_ws/devel/lib/python3/dist-packages/pysot/__init__.py
Symlinking /home/manu/Documents/Projet/RECH/Tracking/TalosCV/ROS/catkin_ws/devel/lib/python3/dist-packages/cam/__init__.py
Symlinking /home/manu/Documents/Projet/RECH/Tracking/TalosCV/ROS/catkin_ws/devel/lib/python3/dist-packages/tracker_cam/__init__.py
Symlinking /home/manu/Documents/Projet/RECH/Tracking/TalosCV/ROS/catkin_ws/devel/lib/python3/dist-packages/tracker_cam/msg/__init__.py
Symlinking /home/manu/Documents/Projet/RECH/Tracking/TalosCV/ROS/catkin_ws/devel/lib/python3/dist-packages/tracker_cam/msg/_center_Array.py
Symlinking /home/manu/Documents/Projet/RECH/Tracking/TalosCV/ROS/catkin_ws/devel/lib/pkgconfig/tracker_cam.pc
Symlinking /home/manu/Documents/Projet/RECH/Tracking/TalosCV/ROS/catkin_ws/devel/lib/tracker_cam/cvBridgeDemo.py
Symlinking /home/manu/Documents/Projet/RECH/Tracking/TalosCV/ROS/catkin_ws/devel/lib/tracker_cam/cmake.lock
Symlinking /home/manu/Documents/Projet/RECH/Tracking/TalosCV/ROS/catkin_ws/devel/lib/tracker_cam/distance_printer.py
Symlinking /home/manu/Documents/Projet/RECH/Tracking/TalosCV/ROS/catkin_ws/devel/lib/tracker_cam/tracking.py
Symlinking /home/manu/Documents/Projet/RECH/Tracking/TalosCV/ROS/catkin_ws/devel/lib/tracker_cam/tracking_from_cam.py
Symlinking /home/manu/Documents/Projet/RECH/Tracking/TalosCV/ROS/catkin_ws/devel/lib/tracker_cam/depth_go_first.py
Symlinking /home/manu/Documents/Projet/RECH/Tracking/TalosCV/ROS/catkin_ws/devel/lib/tracker_cam/distance_printer_wservo.py
