[36m--[0m Using CATKIN_DEVEL_PREFIX: /home/manu/Documents/Projet/RECH/Tracking/TalosCV/ROS/catkin_ws/devel/.private/tracker_cam
[36m--[0m Using CMAKE_PREFIX_PATH: /home/manu/Documents/Projet/RECH/Tracking/TalosCV/ROS/catkin_ws/devel;/opt/ros/noetic
[36m--[0m This workspace overlays: /home/manu/Documents/Projet/RECH/Tracking/TalosCV/ROS/catkin_ws/devel;/opt/ros/noetic
[36m--[0m Found PythonInterp: /home/manu/anaconda3/bin/python3 (found suitable version "3.8.8", minimum required is "3")
[36m--[0m Using PYTHON_EXECUTABLE: /home/manu/anaconda3/bin/python3
[36m--[0m Using Debian Python package layout
[36m--[0m Using empy: /home/manu/anaconda3/lib/python3.8/site-packages/em.py
[36m--[0m Using CATKIN_ENABLE_TESTING: ON
[36m--[0m Call enable_testing()
[36m--[0m Using CATKIN_TEST_RESULTS_DIR: /home/manu/Documents/Projet/RECH/Tracking/TalosCV/ROS/catkin_ws/build/tracker_cam/test_results
[36m--[0m Forcing gtest/gmock from source, though one was otherwise available.
[36m--[0m Found gtest sources under '/usr/src/googletest': gtests will be built
[36m--[0m Found gmock sources under '/usr/src/googletest': gmock will be built
[36m--[0m Found PythonInterp: /home/manu/anaconda3/bin/python3 (found version "3.8.8")
[36m--[0m Using Python nosetests: /usr/bin/nosetests3
[36m--[0m catkin 0.8.10
[36m--[0m BUILD_SHARED_LIBS is on
[36m--[0m Installing devel-space wrapper /home/manu/Documents/Projet/RECH/Tracking/TalosCV/ROS/catkin_ws/src/tracker_cam/scripts/cvBridgeDemo.py to /home/manu/Documents/Projet/RECH/Tracking/TalosCV/ROS/catkin_ws/devel/.private/tracker_cam/lib/tracker_cam
[36m--[0m Installing devel-space wrapper /home/manu/Documents/Projet/RECH/Tracking/TalosCV/ROS/catkin_ws/src/tracker_cam/scripts/test.py to /home/manu/Documents/Projet/RECH/Tracking/TalosCV/ROS/catkin_ws/devel/.private/tracker_cam/lib/tracker_cam
[36m--[0m Installing devel-space wrapper /home/manu/Documents/Projet/RECH/Tracking/TalosCV/ROS/catkin_ws/src/tracker_cam/scripts/tracking_from_cam.py to /home/manu/Documents/Projet/RECH/Tracking/TalosCV/ROS/catkin_ws/devel/.private/tracker_cam/lib/tracker_cam
[36m--[0m Installing devel-space wrapper /home/manu/Documents/Projet/RECH/Tracking/TalosCV/ROS/catkin_ws/src/tracker_cam/scripts/tracking.py to /home/manu/Documents/Projet/RECH/Tracking/TalosCV/ROS/catkin_ws/devel/.private/tracker_cam/lib/tracker_cam
[36m--[0m Configuring done
[36m--[0m Generating done
[36m--[0m Build files have been written to: /home/manu/Documents/Projet/RECH/Tracking/TalosCV/ROS/catkin_ws/build/tracker_cam
