Linked: (/home/manu/Documents/Projet/RECH/Tracking/TalosCV/ROS/catkin_ws/devel/.private/tracker_cam/share/roseus/ros/tracker_cam/manifest.l, /home/manu/Documents/Projet/RECH/Tracking/TalosCV/ROS/catkin_ws/devel/share/roseus/ros/tracker_cam/manifest.l)
Linked: (/home/manu/Documents/Projet/RECH/Tracking/TalosCV/ROS/catkin_ws/devel/.private/tracker_cam/share/roseus/ros/tracker_cam/msg/center_Array.l, /home/manu/Documents/Projet/RECH/Tracking/TalosCV/ROS/catkin_ws/devel/share/roseus/ros/tracker_cam/msg/center_Array.l)
Linked: (/home/manu/Documents/Projet/RECH/Tracking/TalosCV/ROS/catkin_ws/devel/.private/tracker_cam/share/tracker_cam/cmake/tracker_camConfig-version.cmake, /home/manu/Documents/Projet/RECH/Tracking/TalosCV/ROS/catkin_ws/devel/share/tracker_cam/cmake/tracker_camConfig-version.cmake)
Linked: (/home/manu/Documents/Projet/RECH/Tracking/TalosCV/ROS/catkin_ws/devel/.private/tracker_cam/share/tracker_cam/cmake/tracker_camConfig.cmake, /home/manu/Documents/Projet/RECH/Tracking/TalosCV/ROS/catkin_ws/devel/share/tracker_cam/cmake/tracker_camConfig.cmake)
Linked: (/home/manu/Documents/Projet/RECH/Tracking/TalosCV/ROS/catkin_ws/devel/.private/tracker_cam/share/tracker_cam/cmake/tracker_cam-msg-paths.cmake, /home/manu/Documents/Projet/RECH/Tracking/TalosCV/ROS/catkin_ws/devel/share/tracker_cam/cmake/tracker_cam-msg-paths.cmake)
Linked: (/home/manu/Documents/Projet/RECH/Tracking/TalosCV/ROS/catkin_ws/devel/.private/tracker_cam/share/tracker_cam/cmake/tracker_cam-msg-extras.cmake, /home/manu/Documents/Projet/RECH/Tracking/TalosCV/ROS/catkin_ws/devel/share/tracker_cam/cmake/tracker_cam-msg-extras.cmake)
Linked: (/home/manu/Documents/Projet/RECH/Tracking/TalosCV/ROS/catkin_ws/devel/.private/tracker_cam/share/common-lisp/ros/tracker_cam/msg/center_Array.lisp, /home/manu/Documents/Projet/RECH/Tracking/TalosCV/ROS/catkin_ws/devel/share/common-lisp/ros/tracker_cam/msg/center_Array.lisp)
Linked: (/home/manu/Documents/Projet/RECH/Tracking/TalosCV/ROS/catkin_ws/devel/.private/tracker_cam/share/common-lisp/ros/tracker_cam/msg/_package_center_Array.lisp, /home/manu/Documents/Projet/RECH/Tracking/TalosCV/ROS/catkin_ws/devel/share/common-lisp/ros/tracker_cam/msg/_package_center_Array.lisp)
Linked: (/home/manu/Documents/Projet/RECH/Tracking/TalosCV/ROS/catkin_ws/devel/.private/tracker_cam/share/common-lisp/ros/tracker_cam/msg/_package.lisp, /home/manu/Documents/Projet/RECH/Tracking/TalosCV/ROS/catkin_ws/devel/share/common-lisp/ros/tracker_cam/msg/_package.lisp)
Linked: (/home/manu/Documents/Projet/RECH/Tracking/TalosCV/ROS/catkin_ws/devel/.private/tracker_cam/share/common-lisp/ros/tracker_cam/msg/tracker_cam-msg.asd, /home/manu/Documents/Projet/RECH/Tracking/TalosCV/ROS/catkin_ws/devel/share/common-lisp/ros/tracker_cam/msg/tracker_cam-msg.asd)
Linked: (/home/manu/Documents/Projet/RECH/Tracking/TalosCV/ROS/catkin_ws/devel/.private/tracker_cam/share/gennodejs/ros/tracker_cam/_index.js, /home/manu/Documents/Projet/RECH/Tracking/TalosCV/ROS/catkin_ws/devel/share/gennodejs/ros/tracker_cam/_index.js)
Linked: (/home/manu/Documents/Projet/RECH/Tracking/TalosCV/ROS/catkin_ws/devel/.private/tracker_cam/share/gennodejs/ros/tracker_cam/msg/_index.js, /home/manu/Documents/Projet/RECH/Tracking/TalosCV/ROS/catkin_ws/devel/share/gennodejs/ros/tracker_cam/msg/_index.js)
Linked: (/home/manu/Documents/Projet/RECH/Tracking/TalosCV/ROS/catkin_ws/devel/.private/tracker_cam/share/gennodejs/ros/tracker_cam/msg/center_Array.js, /home/manu/Documents/Projet/RECH/Tracking/TalosCV/ROS/catkin_ws/devel/share/gennodejs/ros/tracker_cam/msg/center_Array.js)
Linked: (/home/manu/Documents/Projet/RECH/Tracking/TalosCV/ROS/catkin_ws/devel/.private/tracker_cam/include/tracker_cam/center_Array.h, /home/manu/Documents/Projet/RECH/Tracking/TalosCV/ROS/catkin_ws/devel/include/tracker_cam/center_Array.h)
Linked: (/home/manu/Documents/Projet/RECH/Tracking/TalosCV/ROS/catkin_ws/devel/.private/tracker_cam/lib/python3/dist-packages/your_package/__init__.py, /home/manu/Documents/Projet/RECH/Tracking/TalosCV/ROS/catkin_ws/devel/lib/python3/dist-packages/your_package/__init__.py)
Linked: (/home/manu/Documents/Projet/RECH/Tracking/TalosCV/ROS/catkin_ws/devel/.private/tracker_cam/lib/python3/dist-packages/pysot/__init__.py, /home/manu/Documents/Projet/RECH/Tracking/TalosCV/ROS/catkin_ws/devel/lib/python3/dist-packages/pysot/__init__.py)
Linked: (/home/manu/Documents/Projet/RECH/Tracking/TalosCV/ROS/catkin_ws/devel/.private/tracker_cam/lib/python3/dist-packages/cam/__init__.py, /home/manu/Documents/Projet/RECH/Tracking/TalosCV/ROS/catkin_ws/devel/lib/python3/dist-packages/cam/__init__.py)
Linked: (/home/manu/Documents/Projet/RECH/Tracking/TalosCV/ROS/catkin_ws/devel/.private/tracker_cam/lib/python3/dist-packages/tracker_cam/__init__.py, /home/manu/Documents/Projet/RECH/Tracking/TalosCV/ROS/catkin_ws/devel/lib/python3/dist-packages/tracker_cam/__init__.py)
Linked: (/home/manu/Documents/Projet/RECH/Tracking/TalosCV/ROS/catkin_ws/devel/.private/tracker_cam/lib/python3/dist-packages/tracker_cam/msg/__init__.py, /home/manu/Documents/Projet/RECH/Tracking/TalosCV/ROS/catkin_ws/devel/lib/python3/dist-packages/tracker_cam/msg/__init__.py)
Linked: (/home/manu/Documents/Projet/RECH/Tracking/TalosCV/ROS/catkin_ws/devel/.private/tracker_cam/lib/python3/dist-packages/tracker_cam/msg/_center_Array.py, /home/manu/Documents/Projet/RECH/Tracking/TalosCV/ROS/catkin_ws/devel/lib/python3/dist-packages/tracker_cam/msg/_center_Array.py)
Linked: (/home/manu/Documents/Projet/RECH/Tracking/TalosCV/ROS/catkin_ws/devel/.private/tracker_cam/lib/pkgconfig/tracker_cam.pc, /home/manu/Documents/Projet/RECH/Tracking/TalosCV/ROS/catkin_ws/devel/lib/pkgconfig/tracker_cam.pc)
Linked: (/home/manu/Documents/Projet/RECH/Tracking/TalosCV/ROS/catkin_ws/devel/.private/tracker_cam/lib/tracker_cam/pysot, /home/manu/Documents/Projet/RECH/Tracking/TalosCV/ROS/catkin_ws/devel/lib/tracker_cam/pysot)
Linked: (/home/manu/Documents/Projet/RECH/Tracking/TalosCV/ROS/catkin_ws/devel/.private/tracker_cam/lib/tracker_cam/test3.py, /home/manu/Documents/Projet/RECH/Tracking/TalosCV/ROS/catkin_ws/devel/lib/tracker_cam/test3.py)
Linked: (/home/manu/Documents/Projet/RECH/Tracking/TalosCV/ROS/catkin_ws/devel/.private/tracker_cam/lib/tracker_cam/cvBridgeDemo.py, /home/manu/Documents/Projet/RECH/Tracking/TalosCV/ROS/catkin_ws/devel/lib/tracker_cam/cvBridgeDemo.py)
Linked: (/home/manu/Documents/Projet/RECH/Tracking/TalosCV/ROS/catkin_ws/devel/.private/tracker_cam/lib/tracker_cam/cmake.lock, /home/manu/Documents/Projet/RECH/Tracking/TalosCV/ROS/catkin_ws/devel/lib/tracker_cam/cmake.lock)
Linked: (/home/manu/Documents/Projet/RECH/Tracking/TalosCV/ROS/catkin_ws/devel/.private/tracker_cam/lib/tracker_cam/distance_printer.py, /home/manu/Documents/Projet/RECH/Tracking/TalosCV/ROS/catkin_ws/devel/lib/tracker_cam/distance_printer.py)
Linked: (/home/manu/Documents/Projet/RECH/Tracking/TalosCV/ROS/catkin_ws/devel/.private/tracker_cam/lib/tracker_cam/tracking_cam_wservo.py, /home/manu/Documents/Projet/RECH/Tracking/TalosCV/ROS/catkin_ws/devel/lib/tracker_cam/tracking_cam_wservo.py)
Linked: (/home/manu/Documents/Projet/RECH/Tracking/TalosCV/ROS/catkin_ws/devel/.private/tracker_cam/lib/tracker_cam/tracking.py, /home/manu/Documents/Projet/RECH/Tracking/TalosCV/ROS/catkin_ws/devel/lib/tracker_cam/tracking.py)
Linked: (/home/manu/Documents/Projet/RECH/Tracking/TalosCV/ROS/catkin_ws/devel/.private/tracker_cam/lib/tracker_cam/tracking_from_cam.py, /home/manu/Documents/Projet/RECH/Tracking/TalosCV/ROS/catkin_ws/devel/lib/tracker_cam/tracking_from_cam.py)
Linked: (/home/manu/Documents/Projet/RECH/Tracking/TalosCV/ROS/catkin_ws/devel/.private/tracker_cam/lib/tracker_cam/test_import.py, /home/manu/Documents/Projet/RECH/Tracking/TalosCV/ROS/catkin_ws/devel/lib/tracker_cam/test_import.py)
Linked: (/home/manu/Documents/Projet/RECH/Tracking/TalosCV/ROS/catkin_ws/devel/.private/tracker_cam/lib/tracker_cam/track.py, /home/manu/Documents/Projet/RECH/Tracking/TalosCV/ROS/catkin_ws/devel/lib/tracker_cam/track.py)
Linked: (/home/manu/Documents/Projet/RECH/Tracking/TalosCV/ROS/catkin_ws/devel/.private/tracker_cam/lib/tracker_cam/test2.py, /home/manu/Documents/Projet/RECH/Tracking/TalosCV/ROS/catkin_ws/devel/lib/tracker_cam/test2.py)
Linked: (/home/manu/Documents/Projet/RECH/Tracking/TalosCV/ROS/catkin_ws/devel/.private/tracker_cam/lib/tracker_cam/test.py, /home/manu/Documents/Projet/RECH/Tracking/TalosCV/ROS/catkin_ws/devel/lib/tracker_cam/test.py)
Linked: (/home/manu/Documents/Projet/RECH/Tracking/TalosCV/ROS/catkin_ws/devel/.private/tracker_cam/lib/tracker_cam/__pycache__/track.cpython-38.pyc, /home/manu/Documents/Projet/RECH/Tracking/TalosCV/ROS/catkin_ws/devel/lib/tracker_cam/__pycache__/track.cpython-38.pyc)
